2022-01-25 17:57:15,232 - root - INFO - Main Iniciado
2022-01-25 17:57:15,397 - root - INFO - Vendedor: Agnaldo Nascimento - Valor Liquido: 18726.05
2022-01-25 17:57:15,732 - root - INFO - Existente: Agnaldo Nascimento - 18726.05
2022-01-25 17:57:15,732 - root - INFO - Vendedor: Alex Roberto do Prado - Valor Liquido: 6693.82
2022-01-25 17:57:16,109 - root - INFO - Existente: Alex Roberto do Prado - 6693.82
2022-01-25 17:57:16,114 - root - INFO - Vendedor: Alexandra Andrade - Valor Liquido: 135100.41
2022-01-25 17:57:16,493 - root - INFO - Existente: Alexandra Andrade - 135100.41
2022-01-25 17:57:16,493 - root - INFO - Vendedor: Amanda Souza Leiria - Valor Liquido: 26875.19
2022-01-25 17:57:16,833 - root - INFO - Actualizado: Amanda Souza Leiria - 26875.19
2022-01-25 17:57:16,840 - root - INFO - Vendedor: Andressa Schinemann - Valor Liquido: 353.52
2022-01-25 17:57:17,174 - root - INFO - Existente: Andressa Schinemann - 353.52
2022-01-25 17:57:17,175 - root - INFO - Vendedor: Avelino Bracho - Valor Liquido: 27098.48
2022-01-25 17:57:17,527 - root - INFO - Actualizado: Avelino Bracho - 27098.48
2022-01-25 17:57:17,527 - root - INFO - Vendedor: Camili Moreira - Valor Liquido: 7889.88
2022-01-25 17:57:17,883 - root - INFO - Existente: Camili Moreira - 7889.88
2022-01-25 17:57:17,883 - root - INFO - Vendedor: Danieli HomeOffice - Valor Liquido: 10463.25
2022-01-25 17:57:18,214 - root - INFO - Actualizado: Danieli HomeOffice - 10463.25
2022-01-25 17:57:18,214 - root - INFO - Vendedor: Eliane Moreira - Valor Liquido: 56432.75
2022-01-25 17:57:18,558 - root - INFO - Actualizado: Eliane Moreira - 56432.75
2022-01-25 17:57:18,558 - root - INFO - Vendedor: Eryka Fernanda de Oliveira - Valor Liquido: 2325.21
2022-01-25 17:57:18,884 - root - INFO - Existente: Eryka Fernanda de Oliveira - 2325.21
2022-01-25 17:57:18,885 - root - INFO - Vendedor: Gabriel Granza - Valor Liquido: 2513.97
2022-01-25 17:57:19,216 - root - INFO - Existente: Gabriel Granza - 2513.97
2022-01-25 17:57:19,217 - root - INFO - Vendedor: Gustavo Diniz - Valor Liquido: 914.00
2022-01-25 17:57:19,555 - root - INFO - Existente: Gustavo Diniz - 914.00
2022-01-25 17:57:19,556 - root - INFO - Vendedor: Henrique Santana - Valor Liquido: 921.41
2022-01-25 17:57:19,875 - root - INFO - Existente: Henrique Santana - 921.41
2022-01-25 17:57:19,879 - root - INFO - Vendedor: Isabeli Morinigo - Valor Liquido: 142196.43
2022-01-25 17:57:20,232 - root - INFO - Actualizado: Isabeli Morinigo - 142196.43
2022-01-25 17:57:20,232 - root - INFO - Vendedor: Jaqueline Milena  - Valor Liquido: 203829.37
2022-01-25 17:57:20,533 - root - INFO - Existente: Jaqueline Milena  - 203829.37
2022-01-25 17:57:20,534 - root - INFO - Vendedor: Jenifer Santana - Valor Liquido: 5883.23
2022-01-25 17:57:20,857 - root - INFO - Existente: Jenifer Santana - 5883.23
2022-01-25 17:57:20,857 - root - INFO - Vendedor: Jéssica de Souza - Valor Liquido: 2660.15
2022-01-25 17:57:21,169 - root - INFO - Existente: Jéssica de Souza - 2660.15
2022-01-25 17:57:21,169 - root - INFO - Vendedor: Jonatas Amereles - Valor Liquido: 4486.45
2022-01-25 17:57:21,515 - root - INFO - Existente: Jonatas Amereles - 4486.45
2022-01-25 17:57:21,515 - root - INFO - Vendedor: Maria Lazzarini - Valor Liquido: 12529.58
2022-01-25 17:57:21,858 - root - INFO - Existente: Maria Lazzarini - 12529.58
2022-01-25 17:57:21,859 - root - INFO - Vendedor: Michele siepmann - Valor Liquido: 56831.78
2022-01-25 17:57:22,214 - root - INFO - Existente: Michele siepmann - 56831.78
2022-01-25 17:57:22,214 - root - INFO - Vendedor: Naiara Moreira - Valor Liquido: 154009.19
2022-01-25 17:57:22,539 - root - INFO - Actualizado: Naiara Moreira - 154009.19
2022-01-25 17:57:22,539 - root - INFO - Vendedor: Neusi Mello - Valor Liquido: 3225.00
2022-01-25 17:57:22,861 - root - INFO - Existente: Neusi Mello - 3225.00
2022-01-25 17:57:22,861 - root - INFO - Vendedor: Nicolas - Valor Liquido: 26344.79
2022-01-25 17:57:23,218 - root - INFO - Existente: Nicolas - 26344.79
2022-01-25 17:57:23,219 - root - INFO - Vendedor: Rafaela Ratuchne - Valor Liquido: 59861.94
2022-01-25 17:57:23,530 - root - INFO - Actualizado: Rafaela Ratuchne - 59861.94
2022-01-25 17:57:23,530 - root - INFO - Vendedor: Sabrina Nizer - Valor Liquido: 55653.26
2022-01-25 17:57:23,866 - root - INFO - Existente: Sabrina Nizer - 55653.26
2022-01-25 17:57:23,867 - root - INFO - Vendedor: Sandrielle da Silva - Valor Liquido: 11140.98
2022-01-25 17:57:24,194 - root - INFO - Actualizado: Sandrielle da Silva - 11140.98
2022-01-25 17:57:24,194 - root - INFO - Vendedor: Sharon Stephany - Valor Liquido: 36962.45
2022-01-25 17:57:24,546 - root - INFO - Existente: Sharon Stephany - 36962.45
2022-01-25 17:57:24,546 - root - INFO - Vendedor: Stella Sena - Valor Liquido: 20263.03
2022-01-25 17:57:24,892 - root - INFO - Existente: Stella Sena - 20263.03
2022-01-25 17:57:24,893 - root - INFO - Vendedor: Tiago Olivero - Valor Liquido: 22139.44
2022-01-25 17:57:25,210 - root - INFO - Existente: Tiago Olivero - 22139.44
2022-01-25 17:57:25,211 - root - INFO - Vendedor: Tiago Sopelsa - Valor Liquido: 3555.70
2022-01-25 17:57:25,550 - root - INFO - Existente: Tiago Sopelsa - 3555.70
2022-01-25 17:57:25,551 - root - INFO - Main Finalizado
